<?xml version="1.0" encoding="UTF-8"?>
<testng-results ignored="0" total="1" passed="1" failed="0" skipped="0">
  <reporter-output>
  </reporter-output>
  <suite started-at="2023-09-10T21:32:19 EDT" name="Default suite" finished-at="2023-09-10T21:32:31 EDT" duration-ms="11194">
    <groups>
      <group name="cucumber">
        <method signature="AbstractTestNGCucumberTests.feature(cucumber.api.testng.CucumberFeatureWrapper)[pri:0, instance:TestRunner.runnerClass@7fd50002]" name="feature" class="cucumber.api.testng.AbstractTestNGCucumberTests"/>
      </group> <!-- cucumber -->
    </groups>
    <test started-at="2023-09-10T21:32:19 EDT" name="Default test" finished-at="2023-09-10T21:32:31 EDT" duration-ms="11194">
      <class name="TestRunner.runnerClass">
        <test-method is-config="true" signature="setUpClass()[pri:0, instance:TestRunner.runnerClass@7fd50002]" started-at="2023-09-10T21:32:20 EDT" name="setUpClass" finished-at="2023-09-10T21:32:20 EDT" duration-ms="186" status="PASS">
          <reporter-output>
          </reporter-output>
        </test-method> <!-- setUpClass -->
        <test-method signature="feature(cucumber.api.testng.CucumberFeatureWrapper)[pri:0, instance:TestRunner.runnerClass@7fd50002]" started-at="2023-09-10T21:32:20 EDT" name="feature" description="Runs Cucumber Feature" data-provider="features" finished-at="2023-09-10T21:32:31 EDT" duration-ms="10876" status="PASS">
          <params>
            <param index="0">
              <value>
                <![CDATA[]]>
              </value>
            </param>
          </params>
          <reporter-output>
          </reporter-output>
        </test-method> <!-- feature -->
        <test-method is-config="true" signature="tearDownClass()[pri:0, instance:TestRunner.runnerClass@7fd50002]" started-at="2023-09-10T21:32:31 EDT" name="tearDownClass" finished-at="2023-09-10T21:32:31 EDT" duration-ms="16" status="PASS">
          <reporter-output>
          </reporter-output>
        </test-method> <!-- tearDownClass -->
      </class> <!-- TestRunner.runnerClass -->
    </test> <!-- Default test -->
  </suite> <!-- Default suite -->
</testng-results>
